{"name": "Проверка перехода на главную страницу при клике на лого \"Самокат\"", "status": "broken", "statusDetails": {"message": "selenium.common.exceptions.TimeoutException: Message: \nStacktrace:\nRemoteError@chrome://remote/content/shared/RemoteError.sys.mjs:8:8\nWebDriverError@chrome://remote/content/shared/webdriver/Errors.sys.mjs:199:5\nNoSuchElementError@chrome://remote/content/shared/webdriver/Errors.sys.mjs:552:5\ndom.find/</<@chrome://remote/content/shared/DOM.sys.mjs:136:16", "trace": "self = <Sprint_6.tests.test_logos.TestLogoRedirect object at 0x0000023A970CDA90>\ndriver = <selenium.webdriver.firefox.webdriver.WebDriver (session=\"781138b0-afb8-4252-b63b-c1ed720a1e5b\")>\n\n    @allure.title('Проверка перехода на главную страницу при клике на лого \"Самокат\"')\n    def test_logo_redirect_to_scooter_success(self, driver):\n        main_page = MainPage(driver)\n>       main_page.click_on_logo_Scooter()\n\ntests\\test_logos.py:18: \n_ _ _ _ _ _ _ _ _ _ _ _ _ _ _ _ _ _ _ _ _ _ _ _ _ _ _ _ _ _ _ _ _ _ _ _ _ _ _ _ _ _ _ _ _ _ _ _ _ _ _ _ _ _ _ _ _ _ _ _ _ _ _ _ _ _ _ _ _\npages\\main_page.py:9: in click_on_logo_Scooter\n    self.click_on_element(MainPageLocators.LOGO_SCOOTER)\npages\\base_page.py:22: in click_on_element\n    element = self.wait_for_element(locator, timeout)\npages\\base_page.py:13: in wait_for_element\n    return WebDriverWait(self.driver, timeout).until(EC.presence_of_element_located(locator))\n_ _ _ _ _ _ _ _ _ _ _ _ _ _ _ _ _ _ _ _ _ _ _ _ _ _ _ _ _ _ _ _ _ _ _ _ _ _ _ _ _ _ _ _ _ _ _ _ _ _ _ _ _ _ _ _ _ _ _ _ _ _ _ _ _ _ _ _ _\n\nself = <selenium.webdriver.support.wait.WebDriverWait (session=\"781138b0-afb8-4252-b63b-c1ed720a1e5b\")>\nmethod = <function presence_of_element_located.<locals>._predicate at 0x0000023A97153B00>, message = ''\n\n    def until(self, method: Callable[[D], Union[Literal[False], T]], message: str = \"\") -> T:\n        \"\"\"Wait until the method returns a value that is not False.\n    \n        Calls the method provided with the driver as an argument until the\n        return value does not evaluate to ``False``.\n    \n        Parameters:\n        -----------\n        method: callable(WebDriver)\n            - A callable object that takes a WebDriver instance as an argument.\n    \n        message: str\n            - Optional message for :exc:`TimeoutException`\n    \n        Return:\n        -------\n        object: T\n            - The result of the last call to `method`\n    \n        Raises:\n        -------\n        TimeoutException\n            - If 'method' does not return a truthy value within the WebDriverWait\n            object's timeout\n    \n        Example:\n        --------\n        >>> from selenium.webdriver.common.by import By\n        >>> from selenium.webdriver.support.ui import WebDriverWait\n        >>> from selenium.webdriver.support import expected_conditions as EC\n    \n        # Wait until an element is visible on the page\n        >>> wait = WebDriverWait(driver, 10)\n        >>> element = wait.until(EC.visibility_of_element_located((By.ID, \"exampleId\")))\n        >>> print(element.text)\n        \"\"\"\n        screen = None\n        stacktrace = None\n    \n        end_time = time.monotonic() + self._timeout\n        while True:\n            try:\n                value = method(self._driver)\n                if value:\n                    return value\n            except self._ignored_exceptions as exc:\n                screen = getattr(exc, \"screen\", None)\n                stacktrace = getattr(exc, \"stacktrace\", None)\n            if time.monotonic() > end_time:\n                break\n            time.sleep(self._poll)\n>       raise TimeoutException(message, screen, stacktrace)\nE       selenium.common.exceptions.TimeoutException: Message: \nE       Stacktrace:\nE       RemoteError@chrome://remote/content/shared/RemoteError.sys.mjs:8:8\nE       WebDriverError@chrome://remote/content/shared/webdriver/Errors.sys.mjs:199:5\nE       NoSuchElementError@chrome://remote/content/shared/webdriver/Errors.sys.mjs:552:5\nE       dom.find/</<@chrome://remote/content/shared/DOM.sys.mjs:136:16\n\n.venv\\Lib\\site-packages\\selenium\\webdriver\\support\\wait.py:146: TimeoutException"}, "steps": [{"name": "Кликнуть на логотип Самокат", "status": "broken", "statusDetails": {"message": "selenium.common.exceptions.TimeoutException: Message: \nStacktrace:\nRemoteError@chrome://remote/content/shared/RemoteError.sys.mjs:8:8\nWebDriverError@chrome://remote/content/shared/webdriver/Errors.sys.mjs:199:5\nNoSuchElementError@chrome://remote/content/shared/webdriver/Errors.sys.mjs:552:5\ndom.find/</<@chrome://remote/content/shared/DOM.sys.mjs:136:16\n\n", "trace": "  File \"C:\\Users\\belov\\PycharmProjects\\Sprint_6\\.venv\\Lib\\site-packages\\allure_commons\\_allure.py\", line 202, in impl\n    return func(*a, **kw)\n  File \"C:\\Users\\belov\\PycharmProjects\\Sprint_6\\pages\\main_page.py\", line 9, in click_on_logo_Scooter\n    self.click_on_element(MainPageLocators.LOGO_SCOOTER)\n    ~~~~~~~~~~~~~~~~~~~~~^^^^^^^^^^^^^^^^^^^^^^^^^^^^^^^\n  File \"C:\\Users\\belov\\PycharmProjects\\Sprint_6\\.venv\\Lib\\site-packages\\allure_commons\\_allure.py\", line 202, in impl\n    return func(*a, **kw)\n  File \"C:\\Users\\belov\\PycharmProjects\\Sprint_6\\pages\\base_page.py\", line 22, in click_on_element\n    element = self.wait_for_element(locator, timeout)\n  File \"C:\\Users\\belov\\PycharmProjects\\Sprint_6\\.venv\\Lib\\site-packages\\allure_commons\\_allure.py\", line 202, in impl\n    return func(*a, **kw)\n  File \"C:\\Users\\belov\\PycharmProjects\\Sprint_6\\pages\\base_page.py\", line 13, in wait_for_element\n    return WebDriverWait(self.driver, timeout).until(EC.presence_of_element_located(locator))\n           ~~~~~~~~~~~~~~~~~~~~~~~~~~~~~~~~~~~~~~~~~^^^^^^^^^^^^^^^^^^^^^^^^^^^^^^^^^^^^^^^^^\n  File \"C:\\Users\\belov\\PycharmProjects\\Sprint_6\\.venv\\Lib\\site-packages\\selenium\\webdriver\\support\\wait.py\", line 146, in until\n    raise TimeoutException(message, screen, stacktrace)\n"}, "steps": [{"name": "Кликнуть на элемент", "status": "broken", "statusDetails": {"message": "selenium.common.exceptions.TimeoutException: Message: \nStacktrace:\nRemoteError@chrome://remote/content/shared/RemoteError.sys.mjs:8:8\nWebDriverError@chrome://remote/content/shared/webdriver/Errors.sys.mjs:199:5\nNoSuchElementError@chrome://remote/content/shared/webdriver/Errors.sys.mjs:552:5\ndom.find/</<@chrome://remote/content/shared/DOM.sys.mjs:136:16\n\n", "trace": "  File \"C:\\Users\\belov\\PycharmProjects\\Sprint_6\\.venv\\Lib\\site-packages\\allure_commons\\_allure.py\", line 202, in impl\n    return func(*a, **kw)\n  File \"C:\\Users\\belov\\PycharmProjects\\Sprint_6\\pages\\base_page.py\", line 22, in click_on_element\n    element = self.wait_for_element(locator, timeout)\n  File \"C:\\Users\\belov\\PycharmProjects\\Sprint_6\\.venv\\Lib\\site-packages\\allure_commons\\_allure.py\", line 202, in impl\n    return func(*a, **kw)\n  File \"C:\\Users\\belov\\PycharmProjects\\Sprint_6\\pages\\base_page.py\", line 13, in wait_for_element\n    return WebDriverWait(self.driver, timeout).until(EC.presence_of_element_located(locator))\n           ~~~~~~~~~~~~~~~~~~~~~~~~~~~~~~~~~~~~~~~~~^^^^^^^^^^^^^^^^^^^^^^^^^^^^^^^^^^^^^^^^^\n  File \"C:\\Users\\belov\\PycharmProjects\\Sprint_6\\.venv\\Lib\\site-packages\\selenium\\webdriver\\support\\wait.py\", line 146, in until\n    raise TimeoutException(message, screen, stacktrace)\n"}, "steps": [{"name": "Подождать видимости элемента", "status": "broken", "statusDetails": {"message": "selenium.common.exceptions.TimeoutException: Message: \nStacktrace:\nRemoteError@chrome://remote/content/shared/RemoteError.sys.mjs:8:8\nWebDriverError@chrome://remote/content/shared/webdriver/Errors.sys.mjs:199:5\nNoSuchElementError@chrome://remote/content/shared/webdriver/Errors.sys.mjs:552:5\ndom.find/</<@chrome://remote/content/shared/DOM.sys.mjs:136:16\n\n", "trace": "  File \"C:\\Users\\belov\\PycharmProjects\\Sprint_6\\.venv\\Lib\\site-packages\\allure_commons\\_allure.py\", line 202, in impl\n    return func(*a, **kw)\n  File \"C:\\Users\\belov\\PycharmProjects\\Sprint_6\\pages\\base_page.py\", line 13, in wait_for_element\n    return WebDriverWait(self.driver, timeout).until(EC.presence_of_element_located(locator))\n           ~~~~~~~~~~~~~~~~~~~~~~~~~~~~~~~~~~~~~~~~~^^^^^^^^^^^^^^^^^^^^^^^^^^^^^^^^^^^^^^^^^\n  File \"C:\\Users\\belov\\PycharmProjects\\Sprint_6\\.venv\\Lib\\site-packages\\selenium\\webdriver\\support\\wait.py\", line 146, in until\n    raise TimeoutException(message, screen, stacktrace)\n"}, "parameters": [{"name": "locator", "value": "('xpath', \"//div[@class = 'Header_LogoScooter__3lsAR']\")"}, {"name": "timeout", "value": "10"}], "start": 1747253749881, "stop": 1747253760018}], "parameters": [{"name": "locator", "value": "('xpath', \"//div[@class = 'Header_LogoScooter__3lsAR']\")"}, {"name": "timeout", "value": "10"}], "start": 1747253749881, "stop": 1747253760019}], "start": 1747253749881, "stop": 1747253760020}], "start": 1747253749880, "stop": 1747253760022, "uuid": "15be4868-79d2-488e-90cd-f4250eadeae5", "historyId": "c310ec230389abe17cb03d1b6d3d230c", "testCaseId": "c310ec230389abe17cb03d1b6d3d230c", "fullName": "tests.test_logos.TestLogoRedirect#test_logo_redirect_to_scooter_success", "labels": [{"name": "parentSuite", "value": "tests"}, {"name": "suite", "value": "test_logos"}, {"name": "subSuite", "value": "TestLogoRedirect"}, {"name": "host", "value": "Eva"}, {"name": "thread", "value": "13400-MainThread"}, {"name": "framework", "value": "pytest"}, {"name": "language", "value": "cpython3"}, {"name": "package", "value": "tests.test_logos"}]}